0 info it worked if it ends with ok
1 verbose cli [ 'D:\\Uni\\Node js\\node.exe',
1 verbose cli   'D:\\Uni\\Node js\\node_modules\\npm\\bin\\npm-cli.js',
1 verbose cli   'start' ]
2 info using npm@3.10.10
3 info using node@v6.11.0
4 verbose run-script [ 'prestart', 'start', 'poststart' ]
5 info lifecycle uebung-05@0.0.0~prestart: uebung-05@0.0.0
6 silly lifecycle uebung-05@0.0.0~prestart: no script for prestart, continuing
7 info lifecycle uebung-05@0.0.0~start: uebung-05@0.0.0
8 verbose lifecycle uebung-05@0.0.0~start: unsafe-perm in lifecycle true
9 verbose lifecycle uebung-05@0.0.0~start: PATH: D:\Uni\Node js\node_modules\npm\bin\node-gyp-bin;D:\Uni\GeoSoftware\2020\Aufgabe7_int\node_modules\.bin;C:\Program Files (x86)\Java\jdk1.8.0_151\bin;C:\Program Files (x86)\Intel\iCLS Client\;C:\Program Files\Intel\iCLS Client\;C:\Windows\system32;C:\Windows;C:\Windows\System32\Wbem;C:\Windows\System32\WindowsPowerShell\v1.0\;C:\Program Files (x86)\Intel\Intel(R) Management Engine Components\DAL;C:\Program Files\Intel\Intel(R) Management Engine Components\DAL;C:\Program Files (x86)\Intel\Intel(R) Management Engine Components\IPT;C:\Program Files\Intel\Intel(R) Management Engine Components\IPT;C:\Program Files (x86)\NVIDIA Corporation\PhysX\Common;C:\WINDOWS\system32;C:\WINDOWS;C:\WINDOWS\System32\Wbem;C:\WINDOWS\System32\WindowsPowerShell\v1.0\;D:\Uni\Node js\;C:\Program Files (x86)\Windows Live\Shared;;C:\WINDOWS\System32\OpenSSH\;C:\Program Files\NVIDIA Corporation\NVIDIA NvDLISR;C:\Windows\system32;C:\Windows;C:\Windows\System32\Wbem;C:\Windows\System32\WindowsPowerShell\v1.0\;C:\Windows\System32\OpenSSH\;C:\Users\Mutzel\AppData\Local\Microsoft\WindowsApps;C:\Users\Mutzel\AppData\Local\atom\bin;C:\Users\Mutzel\AppData\Roaming\npm;C:\Users\Mutzel\AppData\Local\Microsoft\WindowsApps;C:\Users\Mutzel\AppData\Local\GitHubDesktop\bin;
10 verbose lifecycle uebung-05@0.0.0~start: CWD: D:\Uni\GeoSoftware\2020\Aufgabe7_int
11 silly lifecycle uebung-05@0.0.0~start: Args: [ '/d /s /c', 'node ./bin/www' ]
12 silly lifecycle uebung-05@0.0.0~start: Returned: code: 1  signal: null
13 info lifecycle uebung-05@0.0.0~start: Failed to exec start script
14 verbose stack Error: uebung-05@0.0.0 start: `node ./bin/www`
14 verbose stack Exit status 1
14 verbose stack     at EventEmitter.<anonymous> (D:\Uni\Node js\node_modules\npm\lib\utils\lifecycle.js:255:16)
14 verbose stack     at emitTwo (events.js:106:13)
14 verbose stack     at EventEmitter.emit (events.js:191:7)
14 verbose stack     at ChildProcess.<anonymous> (D:\Uni\Node js\node_modules\npm\lib\utils\spawn.js:40:14)
14 verbose stack     at emitTwo (events.js:106:13)
14 verbose stack     at ChildProcess.emit (events.js:191:7)
14 verbose stack     at maybeClose (internal/child_process.js:891:16)
14 verbose stack     at Process.ChildProcess._handle.onexit (internal/child_process.js:226:5)
15 verbose pkgid uebung-05@0.0.0
16 verbose cwd D:\Uni\GeoSoftware\2020\Aufgabe7_int
17 error Windows_NT 10.0.18362
18 error argv "D:\\Uni\\Node js\\node.exe" "D:\\Uni\\Node js\\node_modules\\npm\\bin\\npm-cli.js" "start"
19 error node v6.11.0
20 error npm  v3.10.10
21 error code ELIFECYCLE
22 error uebung-05@0.0.0 start: `node ./bin/www`
22 error Exit status 1
23 error Failed at the uebung-05@0.0.0 start script 'node ./bin/www'.
23 error Make sure you have the latest version of node.js and npm installed.
23 error If you do, this is most likely a problem with the uebung-05 package,
23 error not with npm itself.
23 error Tell the author that this fails on your system:
23 error     node ./bin/www
23 error You can get information on how to open an issue for this project with:
23 error     npm bugs uebung-05
23 error Or if that isn't available, you can get their info via:
23 error     npm owner ls uebung-05
23 error There is likely additional logging output above.
24 verbose exit [ 1, true ]
